2023-03-19 21:30:38.421221 [info] : port[0] init success!

2023-03-19 21:30:42.193945 [info] : client[18] add success!

2023-03-19 21:30:42.194379 [info] : /welcome.html
2023-03-19 21:30:42.194400 [info] : filesize:0, 1  to 215
2023-03-19 21:30:42.194515 [info] : Client[18](100.81.50.69:23767) quit, UserCount:0
2023-03-19 21:30:42.911441 [info] : client[18] add success!

2023-03-19 21:30:42.912923 [info] : /welcome.html
2023-03-19 21:30:42.912938 [info] : filesize:0, 1  to 215
2023-03-19 21:30:42.913052 [info] : Client[18](100.81.50.69:24279) quit, UserCount:0
2023-03-19 21:30:43.524956 [info] : client[18] add success!

2023-03-19 21:30:43.527003 [info] : /welcome.html
2023-03-19 21:30:43.527017 [info] : filesize:0, 1  to 215
2023-03-19 21:30:43.527070 [info] : Client[18](100.81.50.69:24791) quit, UserCount:0
2023-03-19 21:30:44.140058 [info] : client[18] add success!

2023-03-19 21:30:44.140340 [info] : /welcome.html
2023-03-19 21:30:44.140355 [info] : filesize:0, 1  to 215
2023-03-19 21:30:44.140462 [info] : Client[18](100.81.50.69:25303) quit, UserCount:0
2023-03-19 21:30:44.755912 [info] : client[18] add success!

2023-03-19 21:30:44.757938 [info] : /welcome.html
2023-03-19 21:30:44.757953 [info] : filesize:0, 1  to 215
2023-03-19 21:30:44.758093 [info] : Client[18](100.81.50.69:25815) quit, UserCount:0
2023-03-19 21:30:45.312697 [info] : client[18] add success!

2023-03-19 21:30:45.314739 [info] : /welcome.html
2023-03-19 21:30:45.314753 [info] : filesize:0, 1  to 215
2023-03-19 21:30:45.314829 [info] : Client[18](100.81.50.69:26327) quit, UserCount:0
2023-03-19 21:30:45.883045 [info] : client[18] add success!

2023-03-19 21:30:45.884673 [info] : /welcome.html
2023-03-19 21:30:45.884692 [info] : filesize:0, 1  to 215
2023-03-19 21:30:45.884804 [info] : Client[18](100.81.50.69:26839) quit, UserCount:0
2023-03-19 21:30:46.391745 [info] : client[18] add success!

2023-03-19 21:30:46.392098 [info] : /welcome.html
2023-03-19 21:30:46.392114 [info] : filesize:0, 1  to 215
2023-03-19 21:30:46.392221 [info] : Client[18](100.81.50.69:27351) quit, UserCount:0
2023-03-19 21:30:47.009778 [info] : client[18] add success!

2023-03-19 21:30:47.010045 [info] : /welcome.html
2023-03-19 21:30:47.010072 [info] : filesize:0, 1  to 215
2023-03-19 21:30:47.010176 [info] : Client[18](100.81.50.69:27863) quit, UserCount:0
2023-03-19 21:30:47.518570 [info] : client[18] add success!

2023-03-19 21:30:47.520552 [info] : /welcome.html
2023-03-19 21:30:47.520565 [info] : filesize:0, 1  to 215
2023-03-19 21:30:47.520695 [info] : Client[18](100.81.50.69:28375) quit, UserCount:0
2023-03-19 21:30:48.032602 [info] : client[18] add success!

2023-03-19 21:30:48.034158 [info] : /welcome.html
2023-03-19 21:30:48.034173 [info] : filesize:0, 1  to 215
2023-03-19 21:30:48.034297 [info] : Client[18](100.81.50.69:28887) quit, UserCount:0
2023-03-19 21:30:48.647998 [info] : client[18] add success!

2023-03-19 21:30:48.650020 [info] : /welcome.html
2023-03-19 21:30:48.650034 [info] : filesize:0, 1  to 215
2023-03-19 21:30:48.650150 [info] : Client[18](100.81.50.69:29399) quit, UserCount:0
2023-03-19 21:30:55.429433 [info] : client[18] add success!

2023-03-19 21:30:55.429684 [info] : /welcome.html
2023-03-19 21:30:55.429700 [info] : filesize:0, 1  to 215
2023-03-19 21:30:55.429738 [info] : Client[18](100.81.50.69:30679) quit, UserCount:0
2023-03-19 21:30:56.018200 [info] : client[18] add success!

2023-03-19 21:30:56.019449 [info] : /welcome.html
2023-03-19 21:30:56.019476 [info] : filesize:0, 1  to 215
2023-03-19 21:30:56.019588 [info] : Client[18](100.81.50.69:31191) quit, UserCount:0
2023-03-19 21:30:56.325521 [info] : client[18] add success!

2023-03-19 21:30:56.325795 [info] : /welcome.html
2023-03-19 21:30:56.325813 [info] : filesize:0, 1  to 215
2023-03-19 21:30:56.325860 [info] : Client[18](100.81.50.69:31703) quit, UserCount:0
2023-03-19 21:30:58.064813 [info] : client[18] add success!

2023-03-19 21:30:58.065117 [info] : /welcome.html
2023-03-19 21:30:58.065133 [info] : filesize:0, 1  to 215
2023-03-19 21:30:58.065255 [info] : Client[18](100.81.50.6